<?xml version="1.0" encoding="UTF-8"?>
<!-- Generated by org.testng.reporters.JUnitReportReporter -->
<testsuite hostname="kumud-pc" failures="0" tests="3" name="beginner.TestNGDataDriven" time="6.410" errors="0" timestamp="2022-11-30T01:18:35 NPT" skipped="0">
  <testcase classname="beginner.TestNGDataDriven" name="testInvalidTokenRequest" time="0.992"/>
  <system-out/>
  <testcase classname="beginner.TestNGDataDriven" name="testInvalidTokenRequest" time="1.275"/>
  <system-out/>
  <testcase classname="beginner.TestNGDataDriven" name="testInvalidTokenRequest" time="4.143"/>
  <system-out/>
</testsuite> <!-- beginner.TestNGDataDriven -->
