<?xml version="1.0" encoding="UTF-8"?>
<!-- Generated by org.testng.reporters.JUnitReportReporter -->
<testsuite hostname="kumud-pc" failures="0" tests="2" name="servicesTestSuite.token.getRefreshToken" time="6.635" errors="0" timestamp="2022-11-30T01:18:25 NPT" skipped="0">
  <testcase classname="servicesTestSuite.token.getRefreshToken" name="invalidRefreshTokenIsPassed" time="3.754"/>
  <system-out/>
  <testcase classname="servicesTestSuite.token.getRefreshToken" name="validRequestIsSubmitted" time="2.881"/>
  <system-out/>
</testsuite> <!-- servicesTestSuite.token.getRefreshToken -->
