<?xml version="1.0" encoding="UTF-8"?>
<!-- Generated by org.testng.reporters.JUnitReportReporter -->
<testsuite hostname="kumud-pc" failures="0" tests="1" name="beginner.TestNGFirstAPITest" time="1.023" errors="0" timestamp="2022-11-30T01:18:35 NPT" skipped="0">
  <testcase classname="beginner.TestNGFirstAPITest" name="verifyStatusCode" time="1.023"/>
  <system-out/>
</testsuite> <!-- beginner.TestNGFirstAPITest -->
