<?xml version="1.0" encoding="UTF-8"?>
<!-- Generated by org.testng.reporters.JUnitReportReporter -->
<testsuite hostname="kumud-pc" failures="0" tests="4" name="servicesTestSuite.token.getAccessToken" time="5.257" errors="0" timestamp="2022-11-30T01:18:25 NPT" skipped="0">
  <testcase classname="servicesTestSuite.token.getAccessToken" name="testNoCredentialsIsPassed" time="1.242"/>
  <system-out/>
  <testcase classname="servicesTestSuite.token.getAccessToken" name="validateWhenInvalidMethodIsPassed" time="1.203"/>
  <system-out/>
  <testcase classname="servicesTestSuite.token.getAccessToken" name="testWhenPassedInvalidCredentials" time="1.484"/>
  <system-out/>
  <testcase classname="servicesTestSuite.token.getAccessToken" name="verifyValidGetTokenRequest" time="1.328"/>
  <system-out/>
</testsuite> <!-- servicesTestSuite.token.getAccessToken -->
